<?xml version="1.0" encoding="UTF-8"?>
<testsuite xmlns:xsi="http://www.w3.org/2001/XMLSchema-instance" xsi:noNamespaceSchemaLocation="https://maven.apache.org/surefire/maven-surefire-plugin/xsd/surefire-test-report.xsd" name="com.javathoughts.wiremock_graphql_1.GraphQLTest" time="0.189" tests="1" errors="1" skipped="0" failures="0">
  <properties>
[...]
</properties>
  <testcase name="com.javathoughts.wiremock_graphql_1.GraphQLTest" classname="com.javathoughts.wiremock_graphql_1.GraphQLTest" time="0.189">
    <error message="Connect to http://localhost:8089 [localhost/127.0.0.1] failed: Connection refused" type="wiremock.org.apache.hc.client5.http.HttpHostConnectException">wiremock.org.apache.hc.client5.http.HttpHostConnectException: Connect to http://localhost:8089 [localhost/127.0.0.1] failed: Connection refused
	at com.javathoughts.wiremock_graphql_1.GraphQLTest.setupWireMock(GraphQLTest.java:24)
</error>
    <system-out><![CDATA[2024-12-19 18:57:59.570  INFO 9745 --- [           main] .b.t.c.SpringBootTestContextBootstrapper : Neither @ContextConfiguration nor @ContextHierarchy found for test class [com.javathoughts.wiremock_graphql_1.GraphQLTest], using SpringBootContextLoader
2024-12-19 18:57:59.570  INFO 9745 --- [           main] o.s.t.c.support.AbstractContextLoader    : Could not detect default resource locations for test class [com.javathoughts.wiremock_graphql_1.GraphQLTest]: no resource found for suffixes {-context.xml, Context.groovy}.
2024-12-19 18:57:59.570  INFO 9745 --- [           main] t.c.s.AnnotationConfigContextLoaderUtils : Could not detect default configuration classes for test class [com.javathoughts.wiremock_graphql_1.GraphQLTest]: GraphQLTest does not declare any static, non-private, non-final, nested classes annotated with @Configuration.
2024-12-19 18:57:59.571  INFO 9745 --- [           main] .b.t.c.SpringBootTestContextBootstrapper : Found @SpringBootConfiguration com.javathoughts.wiremock_graphql_1.WiremockGraphql1Application for test class com.javathoughts.wiremock_graphql_1.GraphQLTest
2024-12-19 18:57:59.572  INFO 9745 --- [           main] .b.t.c.SpringBootTestContextBootstrapper : Loaded default TestExecutionListener class names from location [META-INF/spring.factories]: [org.springframework.boot.test.mock.mockito.MockitoTestExecutionListener, org.springframework.boot.test.mock.mockito.ResetMocksTestExecutionListener, org.springframework.boot.test.autoconfigure.restdocs.RestDocsTestExecutionListener, org.springframework.boot.test.autoconfigure.web.client.MockRestServiceServerResetTestExecutionListener, org.springframework.boot.test.autoconfigure.web.servlet.MockMvcPrintOnlyOnFailureTestExecutionListener, org.springframework.boot.test.autoconfigure.web.servlet.WebDriverTestExecutionListener, org.springframework.boot.test.autoconfigure.webservices.client.MockWebServiceServerTestExecutionListener, org.springframework.test.context.web.ServletTestExecutionListener, org.springframework.test.context.support.DirtiesContextBeforeModesTestExecutionListener, org.springframework.test.context.event.ApplicationEventsTestExecutionListener, org.springframework.test.context.support.DependencyInjectionTestExecutionListener, org.springframework.test.context.support.DirtiesContextTestExecutionListener, org.springframework.test.context.transaction.TransactionalTestExecutionListener, org.springframework.test.context.jdbc.SqlScriptsTestExecutionListener, org.springframework.test.context.event.EventPublishingTestExecutionListener]
2024-12-19 18:57:59.572  INFO 9745 --- [           main] .b.t.c.SpringBootTestContextBootstrapper : Using TestExecutionListeners: [org.springframework.test.context.web.ServletTestExecutionListener@1c8f71a7, org.springframework.test.context.support.DirtiesContextBeforeModesTestExecutionListener@27e21083, org.springframework.test.context.event.ApplicationEventsTestExecutionListener@67a6a2d0, org.springframework.boot.test.mock.mockito.MockitoTestExecutionListener@49e0b123, org.springframework.boot.test.autoconfigure.SpringBootDependencyInjectionTestExecutionListener@2e85e3f1, org.springframework.test.context.support.DirtiesContextTestExecutionListener@195498aa, org.springframework.test.context.event.EventPublishingTestExecutionListener@4b360972, org.springframework.boot.test.mock.mockito.ResetMocksTestExecutionListener@793d09e, org.springframework.boot.test.autoconfigure.restdocs.RestDocsTestExecutionListener@68821f6, org.springframework.boot.test.autoconfigure.web.client.MockRestServiceServerResetTestExecutionListener@3ba46845, org.springframework.boot.test.autoconfigure.web.servlet.MockMvcPrintOnlyOnFailureTestExecutionListener@40a28bda, org.springframework.boot.test.autoconfigure.web.servlet.WebDriverTestExecutionListener@592cb470, org.springframework.boot.test.autoconfigure.webservices.client.MockWebServiceServerTestExecutionListener@1e6cb932]
]]></system-out>
  </testcase>
</testsuite>